{
  "profileName": "kpazbot2704",
  "jobId": "0f1857ad-33da-40b7-8e76-6e840d61a130",
  "projectId": "85570.19121977387",
  "time": "2024-04-29T11:59:12.618Z",
  "log": [
    "Creating Azure resources...",
    "Checking the Existence of the Resource Group ...",
    "Use the Resource Group: v-pkothaveer-Mindtree at eastus",
    "> Creating App Registration ...",
    "Start to add password for App, Id : 224a4a9c-c7d0-4efc-b64d-a66f6d1f7108",
    "Add application password failed, retrying ...",
    "Add application password failed, retrying ...",
    "Add application password failed, retrying ...",
    "Add application password failed, retrying ...",
    "Add application password failed after 3 retries. Error: Request failed with status code 400",
    "{\"name\":\"CREATE_APP_REGISTRATION\",\"message\":\"Add application password failed! Please file an issue on Github.\",\"stack\":\"Error\\n    at new CustomizeError (C:\\\\Users\\\\v-pkothaveer\\\\AppData\\\\Local\\\\Programs\\\\Bot Framework Composer\\\\resources\\\\app.asar.unpacked\\\\extensions\\\\azurePublish\\\\dist\\\\extension.js:276418:25)\\n    at createCustomizeError (C:\\\\Users\\\\v-pkothaveer\\\\AppData\\\\Local\\\\Programs\\\\Bot Framework Composer\\\\resources\\\\app.asar.unpacked\\\\extensions\\\\azurePublish\\\\dist\\\\extension.js:276423:10)\\n    at BotProjectProvision.createApp (C:\\\\Users\\\\v-pkothaveer\\\\AppData\\\\Local\\\\Programs\\\\Bot Framework Composer\\\\resources\\\\app.asar.unpacked\\\\extensions\\\\azurePublish\\\\dist\\\\extension.js:277967:17)\"}",
    "{\"name\":\"CREATE_APP_REGISTRATION\",\"message\":\"Add application password failed! Please file an issue on Github.\",\"stack\":\"Error\\n    at new CustomizeError (C:\\\\Users\\\\v-pkothaveer\\\\AppData\\\\Local\\\\Programs\\\\Bot Framework Composer\\\\resources\\\\app.asar.unpacked\\\\extensions\\\\azurePublish\\\\dist\\\\extension.js:276418:25)\\n    at createCustomizeError (C:\\\\Users\\\\v-pkothaveer\\\\AppData\\\\Local\\\\Programs\\\\Bot Framework Composer\\\\resources\\\\app.asar.unpacked\\\\extensions\\\\azurePublish\\\\dist\\\\extension.js:276423:10)\\n    at BotProjectProvision.createApp (C:\\\\Users\\\\v-pkothaveer\\\\AppData\\\\Local\\\\Programs\\\\Bot Framework Composer\\\\resources\\\\app.asar.unpacked\\\\extensions\\\\azurePublish\\\\dist\\\\extension.js:277967:17)\"}. See provision.kpazbot2704.log in your bot folder"
  ]
}
